build/app/outputs/mapping/release/mapping.txt
# compiler: R8
# compiler_version: 1.5.64
# min_api: 18
# pg_map_id: 9ec22bd
com.creadigol.wifisetup.MainActivity -> com.creadigol.wifisetup.MainActivity:
    java.lang.String CHANNEL -> g
    io.wifimap.sdk.datacontroller.HotspotDataController dataController -> i
    io.flutter.plugin.common.MethodChannel$Result resultSdk -> j
    java.lang.String TAG -> l
    io.wifimap.sdk.fetchcontroller.HotspotFetchController fetchController -> h
    io.flutter.plugin.common.MethodChannel$MethodCallHandler handler -> k
    void access$fetch(com.creadigol.wifisetup.MainActivity,io.wifimap.locationclient.LatLng) -> a
    io.wifimap.sdk.datacontroller.HotspotDataController access$getDataController$p(com.creadigol.wifisetup.MainActivity) -> a
    void access$setDataController$p(com.creadigol.wifisetup.MainActivity,io.wifimap.sdk.datacontroller.HotspotDataController) -> a
    void access$setFetchController$p(com.creadigol.wifisetup.MainActivity,io.wifimap.sdk.fetchcontroller.HotspotFetchController) -> a
    void access$setResultSdk$p(com.creadigol.wifisetup.MainActivity,io.flutter.plugin.common.MethodChannel$Result) -> a
    void fetch(io.wifimap.locationclient.LatLng) -> a
    io.wifimap.sdk.fetchcontroller.HotspotFetchController access$getFetchController$p(com.creadigol.wifisetup.MainActivity) -> b
    void configureFlutterEngine(io.flutter.embedding.engine.FlutterEngine) -> b
    void initSdk() -> r
com.creadigol.wifisetup.MainActivity$Companion -> com.creadigol.wifisetup.MainActivity$a:
com.creadigol.wifisetup.MainActivity$handler$1 -> com.creadigol.wifisetup.MainActivity$b:
    com.creadigol.wifisetup.MainActivity this$0 -> a
    void onMethodCall(io.flutter.plugin.common.MethodCall,io.flutter.plugin.common.MethodChannel$Result) -> a
com.creadigol.wifisetup.MainActivity$initSdk$1 -> com.creadigol.wifisetup.MainActivity$c:
    com.creadigol.wifisetup.MainActivity this$0 -> a
...
kotlin.reflect.jvm.internal.impl.serialization.deserialization.ClassDeserializer -> kotlin.l0.d0.e.n0.i.b.j:
    java.util.Set BLACK_LIST -> c
    kotlin.reflect.jvm.internal.impl.serialization.deserialization.ClassDeserializer$Companion Companion -> d
    kotlin.reflect.jvm.internal.impl.serialization.deserialization.DeserializationComponents components -> b
    kotlin.jvm.functions.Function1 classes -> a
    kotlin.reflect.jvm.internal.impl.descriptors.ClassDescriptor access$createClass(kotlin.reflect.jvm.internal.impl.serialization.deserialization.ClassDeserializer,kotlin.reflect.jvm.internal.impl.serialization.deserialization.ClassDeserializer$ClassKey) -> a
    java.util.Set access$getBLACK_LIST$cp() -> a
    kotlin.reflect.jvm.internal.impl.descriptors.ClassDescriptor createClass(kotlin.reflect.jvm.internal.impl.serialization.deserialization.ClassDeserializer$ClassKey) -> a
    kotlin.reflect.jvm.internal.impl.descriptors.ClassDescriptor deserializeClass(kotlin.reflect.jvm.internal.impl.name.ClassId,kotlin.reflect.jvm.internal.impl.serialization.deserialization.ClassData) -> a
    kotlin.reflect.jvm.internal.impl.descriptors.ClassDescriptor deserializeClass$default(kotlin.reflect.jvm.internal.impl.serialization.deserialization.ClassDeserializer,kotlin.reflect.jvm.internal.impl.name.ClassId,kotlin.reflect.jvm.internal.impl.serialization.deserialization.ClassData,int,java.lang.Object) -> a
kotlin.reflect.jvm.internal.impl.serialization.deserialization.ClassDeserializer$ClassKey -> kotlin.l0.d0.e.n0.i.b.j$a:
    kotlin.reflect.jvm.internal.impl.name.ClassId classId -> a
    kotlin.reflect.jvm.internal.impl.serialization.deserialization.ClassData classData -> b
    kotlin.reflect.jvm.internal.impl.serialization.deserialization.ClassData getClassData() -> a
    kotlin.reflect.jvm.internal.impl.name.ClassId getClassId() -> b
kotlin.reflect.jvm.internal.impl.serialization.deserialization.ClassDeserializer$Companion -> kotlin.l0.d0.e.n0.i.b.j$b:
    java.util.Set getBLACK_LIST() -> a
kotlin.reflect.jvm.internal.impl.serialization.deserialization.ClassDeserializer$classes$1 -> kotlin.l0.d0.e.n0.i.b.j$c:
    kotlin.reflect.jvm.internal.impl.serialization.deserialization.ClassDeserializer this$0 -> e
    kotlin.reflect.jvm.internal.impl.descriptors.ClassDescriptor invoke(kotlin.reflect.jvm.internal.impl.serialization.deserialization.ClassDeserializer$ClassKey) -> a
kotlin.reflect.jvm.internal.impl.serialization.deserialization.ContractDeserializer -> kotlin.l0.d0.e.n0.i.b.k:
    kotlin.reflect.jvm.internal.impl.serialization.deserialization.ContractDeserializer$Companion Companion -> a
    kotlin.Pair deserializeContractFromFunction(kotlin.reflect.jvm.internal.impl.metadata.ProtoBuf$Function,kotlin.reflect.jvm.internal.impl.descriptors.FunctionDescriptor,kotlin.reflect.jvm.internal.impl.metadata.deserialization.TypeTable,kotlin.reflect.jvm.internal.impl.serialization.deserialization.TypeDeserializer) -> a
kotlin.reflect.jvm.internal.impl.serialization.deserialization.ContractDeserializer$Companion -> kotlin.l0.d0.e.n0.i.b.k$a:
    kotlin.reflect.jvm.internal.impl.serialization.deserialization.ContractDeserializer$Companion $$INSTANCE -> b
    kotlin.reflect.jvm.internal.impl.serialization.deserialization.ContractDeserializer DEFAULT -> a
    kotlin.reflect.jvm.internal.impl.serialization.deserialization.ContractDeserializer getDEFAULT() -> a
kotlin.reflect.jvm.internal.impl.serialization.deserialization.ContractDeserializer$Companion$DEFAULT$1 -> kotlin.l0.d0.e.n0.i.b.k$a$a:
    kotlin.Pair deserializeContractFromFunction(kotlin.reflect.jvm.internal.impl.metadata.ProtoBuf$Function,kotlin.reflect.jvm.internal.impl.descriptors.FunctionDescriptor,kotlin.reflect.jvm.internal.impl.metadata.deserialization.TypeTable,kotlin.reflect.jvm.internal.impl.serialization.deserialization.TypeDeserializer) -> a